  kfs.cpp
D:\Data\users\Konect\1Documents\programmation\KFS bridge\kfs.h(156,1): warning C4099: 'FileSystem::File' : nom de type déjà rencontré avec 'class' et utilisant maintenant 'struct'
D:\Data\users\Konect\1Documents\programmation\KFS bridge\kfs.h(150): message : voir la déclaration de 'FileSystem::File'
D:\Data\users\Konect\1Documents\programmation\KFS bridge\kfs.h(161,1): warning C4099: 'FileSystem::Folder' : nom de type déjà rencontré avec 'class' et utilisant maintenant 'struct'
D:\Data\users\Konect\1Documents\programmation\KFS bridge\kfs.h(158): message : voir la déclaration de 'FileSystem::Folder'
D:\Data\users\Konect\1Documents\programmation\KFS bridge\kfs.cpp(41,35): warning C4267: 'initialisation' : conversion de 'size_t' en 'int', perte possible de données
D:\Data\users\Konect\1Documents\programmation\KFS bridge\kfs.cpp(157,20): warning C4244: 'initialisation' : conversion de 'uint64_t' en 'int', perte possible de données
D:\Data\users\Konect\1Documents\programmation\KFS bridge\kfs.cpp(266,24): warning C4477: 'printf' : la chaîne de format '%u' nécessite un argument de type 'unsigned int', mais l'argument variadique 2 est de type 'uint64_t'
D:\Data\users\Konect\1Documents\programmation\KFS bridge\kfs.cpp(266,24): message : utilisez '%llu' dans la chaîne de format
D:\Data\users\Konect\1Documents\programmation\KFS bridge\kfs.cpp(266,24): message : utilisez '%Iu' dans la chaîne de format
D:\Data\users\Konect\1Documents\programmation\KFS bridge\kfs.cpp(266,24): message : utilisez '%I64u' dans la chaîne de format
D:\Data\users\Konect\1Documents\programmation\KFS bridge\kfs.cpp(266,24): warning C4477: 'printf' : la chaîne de format '%u' nécessite un argument de type 'unsigned int', mais l'argument variadique 3 est de type 'uint64_t'
D:\Data\users\Konect\1Documents\programmation\KFS bridge\kfs.cpp(266,24): message : utilisez '%llu' dans la chaîne de format
D:\Data\users\Konect\1Documents\programmation\KFS bridge\kfs.cpp(266,24): message : utilisez '%Iu' dans la chaîne de format
D:\Data\users\Konect\1Documents\programmation\KFS bridge\kfs.cpp(266,24): message : utilisez '%I64u' dans la chaîne de format
D:\Data\users\Konect\1Documents\programmation\KFS bridge\kfs.cpp(266,24): warning C4477: 'printf' : la chaîne de format '%u' nécessite un argument de type 'unsigned int', mais l'argument variadique 4 est de type 'uint64_t'
D:\Data\users\Konect\1Documents\programmation\KFS bridge\kfs.cpp(266,24): message : utilisez '%llu' dans la chaîne de format
D:\Data\users\Konect\1Documents\programmation\KFS bridge\kfs.cpp(266,24): message : utilisez '%Iu' dans la chaîne de format
D:\Data\users\Konect\1Documents\programmation\KFS bridge\kfs.cpp(266,24): message : utilisez '%I64u' dans la chaîne de format
D:\Data\users\Konect\1Documents\programmation\KFS bridge\kfs.cpp(400,39): warning C4267: 'initialisation' : conversion de 'size_t' en 'int', perte possible de données
D:\Data\users\Konect\1Documents\programmation\KFS bridge\kfs.cpp(405,35): warning C4267: '=' : conversion de 'size_t' en 'int', perte possible de données
D:\Data\users\Konect\1Documents\programmation\KFS bridge\kfs.cpp(620,39): warning C4267: 'initialisation' : conversion de 'size_t' en 'int', perte possible de données
D:\Data\users\Konect\1Documents\programmation\KFS bridge\kfs.cpp(628,49): warning C4267: '=' : conversion de 'size_t' en 'int', perte possible de données
D:\Data\users\Konect\1Documents\programmation\KFS bridge\kfs.cpp(820,16): warning C4477: 'printf' : la chaîne de format '%u' nécessite un argument de type 'unsigned int', mais l'argument variadique 1 est de type 'uint64_t'
D:\Data\users\Konect\1Documents\programmation\KFS bridge\kfs.cpp(820,16): message : utilisez '%llu' dans la chaîne de format
D:\Data\users\Konect\1Documents\programmation\KFS bridge\kfs.cpp(820,16): message : utilisez '%Iu' dans la chaîne de format
D:\Data\users\Konect\1Documents\programmation\KFS bridge\kfs.cpp(820,16): message : utilisez '%I64u' dans la chaîne de format
D:\Data\users\Konect\1Documents\programmation\KFS bridge\kfs.cpp(883,20): warning C4477: 'printf' : la chaîne de format '%u' nécessite un argument de type 'unsigned int', mais l'argument variadique 1 est de type 'uint64_t'
D:\Data\users\Konect\1Documents\programmation\KFS bridge\kfs.cpp(883,20): message : utilisez '%llu' dans la chaîne de format
D:\Data\users\Konect\1Documents\programmation\KFS bridge\kfs.cpp(883,20): message : utilisez '%Iu' dans la chaîne de format
D:\Data\users\Konect\1Documents\programmation\KFS bridge\kfs.cpp(883,20): message : utilisez '%I64u' dans la chaîne de format
D:\Data\users\Konect\1Documents\programmation\KFS bridge\kfs.cpp(758): warning C4715: 'FileSystem::File::Read' : les chemins de contrôle ne retournent pas tous une valeur
  KFS bridge.vcxproj -> D:\Data\users\Konect\1Documents\programmation\KFS bridge\x64\Debug\KFS bridge.exe
